[debug] [2020-10-24T04:05:35.193Z] ----------------------------------------------------------------------
[debug] [2020-10-24T04:05:35.198Z] Command:       C:\Program Files\nodejs\node.exe C:\Users\icald\AppData\Roaming\npm\node_modules\firebase-tools\lib\bin\firebase.js init
[debug] [2020-10-24T04:05:35.198Z] CLI Version:   8.13.1
[debug] [2020-10-24T04:05:35.198Z] Platform:      win32
[debug] [2020-10-24T04:05:35.199Z] Node Version:  v14.4.0
[debug] [2020-10-24T04:05:35.200Z] Time:          Sat Oct 24 2020 01:05:35 GMT-0300 (hora de verano de Chile)
[debug] [2020-10-24T04:05:35.201Z] ----------------------------------------------------------------------
[debug] [2020-10-24T04:05:35.201Z] 
[debug] [2020-10-24T04:05:35.210Z] > command requires scopes: ["email","openid","https://www.googleapis.com/auth/cloudplatformprojects.readonly","https://www.googleapis.com/auth/firebase","https://www.googleapis.com/auth/cloud-platform"]
[debug] [2020-10-24T04:05:35.211Z] > authorizing via signed-in user
[info] 
     ######## #### ########  ######## ########     ###     ######  ########
     ##        ##  ##     ## ##       ##     ##  ##   ##  ##       ##
     ######    ##  ########  ######   ########  #########  ######  ######
     ##        ##  ##    ##  ##       ##     ## ##     ##       ## ##
     ##       #### ##     ## ######## ########  ##     ##  ######  ########

You're about to initialize a Firebase project in this directory:

  C:\Users\icald\VueJS\store_app

Before we get started, keep in mind:

  * You are initializing in an existing Firebase project directory

[info] 
=== Project Setup
[info] 
[info] First, let's associate this project directory with a Firebase project.
[info] You can create multiple project aliases by running firebase use --add, 
[info] but for now we'll just set up a default project.
[info] 
[info] i  .firebaserc already has a default project, using storeappfront-465d5. 
[debug] [2020-10-24T04:05:40.468Z] >>> HTTP REQUEST GET https://firebase.googleapis.com/v1beta1/projects/storeappfront-465d5  
 
[debug] [2020-10-24T04:05:41.415Z] <<< HTTP RESPONSE 200 {"content-type":"application/json; charset=UTF-8","vary":"X-Origin, Referer, Origin,Accept-Encoding","date":"Sat, 24 Oct 2020 04:05:41 GMT","server":"ESF","cache-control":"private","x-xss-protection":"0","x-frame-options":"SAMEORIGIN","x-content-type-options":"nosniff","alt-svc":"h3-Q050=\":443\"; ma=2592000,h3-29=\":443\"; ma=2592000,h3-T051=\":443\"; ma=2592000,h3-T050=\":443\"; ma=2592000,h3-Q046=\":443\"; ma=2592000,h3-Q043=\":443\"; ma=2592000,quic=\":443\"; ma=2592000; v=\"46,43\"","accept-ranges":"none","transfer-encoding":"chunked"}
[info] 
=== Hosting Setup
[info] 
[info] Your public directory is the folder (relative to your project directory) that
[info] will contain Hosting assets to be uploaded with firebase deploy. If you
[info] have a build process for your assets, use your build's output directory.
[info] 
